{
  "RSpec": {
    "coverage": {
      "/Users/danmarshall/Documents/Makers/bookmark-manager/app.rb": {
        "lines": [
          1,
          1,
          null,
          1,
          1,
          0,
          null,
          null,
          1,
          1,
          null,
          null,
          1,
          1,
          null,
          null,
          1,
          null
        ]
      },
      "/Users/danmarshall/Documents/Makers/bookmark-manager/spec/features/homepage_spec.rb": {
        "lines": [
          1,
          1,
          1,
          1,
          null,
          null
        ]
      },
      "/Users/danmarshall/Documents/Makers/bookmark-manager/spec/features/list_bookmarks_spec.rb": {
        "lines": [
          1,
          1,
          1,
          1,
          null,
          null,
          null,
          null
        ]
      }
    },
    "timestamp": 1633963502
  }
}
