{
  "RSpec": {
    "coverage": {
      "/Users/danmarshall/Documents/Makers/bookmark-manager/app.rb": {
        "lines": [
          1,
          1,
          1,
          null,
          1,
          1,
          0,
          null,
          null,
          1,
          3,
          null,
          null,
          1,
          1,
          1,
          null,
          null,
          1,
          2,
          2,
          null,
          null,
          1,
          null
        ]
      },
      "/Users/danmarshall/Documents/Makers/bookmark-manager/lib/bookmarks.rb": {
        "lines": [
          1,
          null,
          1,
          null,
          1,
          4,
          4,
          null,
          0,
          null,
          null,
          4,
          12,
          null,
          null,
          1,
          5,
          5,
          null,
          0,
          null,
          null,
          5,
          null,
          null
        ]
      },
      "/Users/danmarshall/Documents/Makers/bookmark-manager/spec/bookmarks_spec.rb": {
        "lines": [
          1,
          null,
          1,
          1,
          null,
          1,
          1,
          1,
          null,
          1,
          null,
          1,
          1,
          1,
          null,
          null,
          1,
          1,
          1,
          1,
          null,
          null,
          null
        ]
      },
      "/Users/danmarshall/Documents/Makers/bookmark-manager/spec/features/add_bookmark_spec.rb": {
        "lines": [
          1,
          1,
          1,
          1,
          1,
          1,
          1,
          1,
          null,
          null
        ]
      },
      "/Users/danmarshall/Documents/Makers/bookmark-manager/spec/features/homepage_spec.rb": {
        "lines": [
          1,
          1,
          1,
          1,
          null,
          null
        ]
      },
      "/Users/danmarshall/Documents/Makers/bookmark-manager/spec/features/list_bookmarks_spec.rb": {
        "lines": [
          1,
          1,
          1,
          null,
          null,
          1,
          1,
          1,
          null,
          1,
          null,
          1,
          1,
          1,
          null,
          null
        ]
      }
    },
    "timestamp": 1634139910
  }
}
